2024-09-14T20:36:14.728Z [INFO] - Processing URL file: urls.txt
2024-09-14T20:36:14.733Z [INFO] - Analyzing URL: https://www.npmjs.com/package/axios
2024-09-14T20:36:14.733Z [INFO] - Starting analysis for URL: https://www.npmjs.com/package/axios
2024-09-14T20:36:14.733Z [INFO] - Checked if URL is GitHub: https://www.npmjs.com/package/axios - Result: false
2024-09-14T20:36:14.733Z [INFO] - Checked if URL is npm package: https://www.npmjs.com/package/axios - Result: true
2024-09-14T20:36:14.733Z [INFO] - Fetching metadata for npm package: axios
2024-09-14T20:36:15.261Z [INFO] - Repository information for axios: {
  "type": "git",
  "url": "git+https://github.com/axios/axios.git"
}
2024-09-14T20:36:15.262Z [INFO] - Checked if URL is GitHub: https://github.com/axios/axios - Result: true
2024-09-14T20:36:15.262Z [INFO] - Found GitHub repository: axios/axios
2024-09-14T20:36:15.262Z [INFO] - GitHub repository found for npm package: axios/axios
2024-09-14T20:36:15.262Z [INFO] - Fetching contributors for axios/axios over the last 12 months...
2024-09-14T20:36:16.432Z [INFO] - Bus factor for the last 12 months for axios/axios: 4
2024-09-14T20:36:16.626Z [INFO] - License compatibility score: 0
2024-09-14T20:36:16.626Z [INFO] - Finished analysis for URL: https://www.npmjs.com/package/axios
2024-09-14T20:36:16.627Z [INFO] - Successfully analyzed: https://www.npmjs.com/package/axios
2024-09-14T20:39:22.395Z [INFO] - Processing URL file: urls.txt
2024-09-14T20:39:22.401Z [INFO] - Analyzing URL: https://www.npmjs.com/package/axios
2024-09-14T20:39:22.401Z [INFO] - Starting analysis for URL: https://www.npmjs.com/package/axios
2024-09-14T20:39:22.401Z [INFO] - Checked if URL is GitHub: https://www.npmjs.com/package/axios - Result: false
2024-09-14T20:39:22.401Z [INFO] - Checked if URL is npm package: https://www.npmjs.com/package/axios - Result: true
2024-09-14T20:39:22.401Z [INFO] - Fetching metadata for npm package: axios
2024-09-14T20:39:22.932Z [INFO] - Repository information for axios: {
  "type": "git",
  "url": "git+https://github.com/axios/axios.git"
}
2024-09-14T20:39:22.936Z [INFO] - Checked if URL is GitHub: https://github.com/axios/axios - Result: true
2024-09-14T20:39:22.937Z [INFO] - Found GitHub repository: axios/axios
2024-09-14T20:39:22.937Z [INFO] - GitHub repository found for npm package: axios/axios
2024-09-14T20:39:22.938Z [INFO] - Fetching contributors for axios/axios over the last 12 months...
2024-09-14T20:39:24.134Z [INFO] - Bus factor for the last 12 months for axios/axios: 4
2024-09-14T20:39:24.361Z [INFO] - License compatibility score: 0
2024-09-14T20:39:24.361Z [INFO] - Finished analysis for URL: https://www.npmjs.com/package/axios
2024-09-14T20:39:24.361Z [INFO] - Successfully analyzed: https://www.npmjs.com/package/axios
2024-09-14T20:42:28.229Z [INFO] - Processing URL file: urls.txt
2024-09-14T20:42:28.235Z [INFO] - Analyzing URL: https://www.npmjs.com/package/axios
2024-09-14T20:42:28.235Z [INFO] - Starting analysis for URL: https://www.npmjs.com/package/axios
2024-09-14T20:42:28.235Z [INFO] - Checked if URL is GitHub: https://www.npmjs.com/package/axios - Result: false
2024-09-14T20:42:28.236Z [INFO] - Checked if URL is npm package: https://www.npmjs.com/package/axios - Result: true
2024-09-14T20:42:28.236Z [INFO] - Fetching metadata for npm package: axios
2024-09-14T20:42:28.864Z [INFO] - Repository information for axios: {
  "type": "git",
  "url": "git+https://github.com/axios/axios.git"
}
2024-09-14T20:42:28.869Z [INFO] - Checked if URL is GitHub: https://github.com/axios/axios - Result: true
2024-09-14T20:42:28.869Z [INFO] - Found GitHub repository: axios/axios
2024-09-14T20:42:28.870Z [INFO] - GitHub repository found for npm package: axios/axios
2024-09-14T20:42:28.870Z [INFO] - Fetching contributors for axios/axios over the last 12 months...
2024-09-14T20:42:30.317Z [INFO] - Bus factor for the last 12 months for axios/axios: 4
2024-09-14T20:42:30.537Z [INFO] - License compatibility score: 0
2024-09-14T20:42:30.537Z [INFO] - Finished analysis for URL: https://www.npmjs.com/package/axios
2024-09-14T20:42:30.538Z [INFO] - Successfully analyzed: https://www.npmjs.com/package/axios
2024-09-14T20:42:42.052Z [INFO] - Processing URL file: urls.txt
2024-09-14T20:42:42.055Z [INFO] - Analyzing URL: https://www.npmjs.com/package/axios
2024-09-14T20:42:42.055Z [INFO] - Starting analysis for URL: https://www.npmjs.com/package/axios
2024-09-14T20:42:42.055Z [INFO] - Checked if URL is GitHub: https://www.npmjs.com/package/axios - Result: false
2024-09-14T20:42:42.055Z [INFO] - Checked if URL is npm package: https://www.npmjs.com/package/axios - Result: true
2024-09-14T20:42:42.055Z [INFO] - Fetching metadata for npm package: axios
2024-09-14T20:42:42.570Z [INFO] - Repository information for axios: {
  "type": "git",
  "url": "git+https://github.com/axios/axios.git"
}
2024-09-14T20:42:42.573Z [INFO] - Checked if URL is GitHub: https://github.com/axios/axios - Result: true
2024-09-14T20:42:42.574Z [INFO] - Found GitHub repository: axios/axios
2024-09-14T20:42:42.574Z [INFO] - GitHub repository found for npm package: axios/axios
2024-09-14T20:42:42.575Z [INFO] - Fetching contributors for axios/axios over the last 12 months...
2024-09-14T20:42:43.727Z [INFO] - Bus factor for the last 12 months for axios/axios: 4
2024-09-14T20:42:43.969Z [INFO] - License for axios/axios: MIT
2024-09-14T20:42:43.970Z [INFO] - License compatibility score: 0
2024-09-14T20:42:43.970Z [INFO] - Finished analysis for URL: https://www.npmjs.com/package/axios
2024-09-14T20:42:43.970Z [INFO] - Successfully analyzed: https://www.npmjs.com/package/axios
2024-09-14T20:45:36.396Z [INFO] - Processing URL file: urls.txt
2024-09-14T20:45:36.399Z [INFO] - Analyzing URL: https://www.npmjs.com/package/axios
2024-09-14T20:45:36.399Z [INFO] - Starting analysis for URL: https://www.npmjs.com/package/axios
2024-09-14T20:45:36.399Z [INFO] - Checked if URL is GitHub: https://www.npmjs.com/package/axios - Result: false
2024-09-14T20:45:36.399Z [INFO] - Checked if URL is npm package: https://www.npmjs.com/package/axios - Result: true
2024-09-14T20:45:36.400Z [INFO] - Fetching metadata for npm package: axios
2024-09-14T20:45:36.924Z [INFO] - Repository information for axios: {
  "type": "git",
  "url": "git+https://github.com/axios/axios.git"
}
2024-09-14T20:45:36.926Z [INFO] - Checked if URL is GitHub: https://github.com/axios/axios - Result: true
2024-09-14T20:45:36.926Z [INFO] - Found GitHub repository: axios/axios
2024-09-14T20:45:36.926Z [INFO] - GitHub repository found for npm package: axios/axios
2024-09-14T20:45:36.926Z [INFO] - Fetching contributors for axios/axios over the last 12 months...
2024-09-14T20:45:38.063Z [INFO] - Bus factor for the last 12 months for axios/axios: 4
2024-09-14T20:45:38.269Z [INFO] - License for axios/axios: MIT
2024-09-14T20:45:38.270Z [INFO] - License compatibility score: 0
2024-09-14T20:45:38.270Z [INFO] - Finished analysis for URL: https://www.npmjs.com/package/axios
2024-09-14T20:45:38.270Z [INFO] - Successfully analyzed: https://www.npmjs.com/package/axios
2024-09-14T20:46:28.579Z [INFO] - Processing URL file: urls.txt
2024-09-14T20:46:28.582Z [INFO] - Analyzing URL: https://www.npmjs.com/package/axios
2024-09-14T20:46:28.582Z [INFO] - Starting analysis for URL: https://www.npmjs.com/package/axios
2024-09-14T20:46:28.582Z [INFO] - Checked if URL is GitHub: https://www.npmjs.com/package/axios - Result: false
2024-09-14T20:46:28.582Z [INFO] - Checked if URL is npm package: https://www.npmjs.com/package/axios - Result: true
2024-09-14T20:46:28.582Z [INFO] - Fetching metadata for npm package: axios
2024-09-14T20:46:29.103Z [INFO] - Repository information for axios: {
  "type": "git",
  "url": "git+https://github.com/axios/axios.git"
}
2024-09-14T20:46:29.104Z [INFO] - Checked if URL is GitHub: https://github.com/axios/axios - Result: true
2024-09-14T20:46:29.105Z [INFO] - Found GitHub repository: axios/axios
2024-09-14T20:46:29.105Z [INFO] - GitHub repository found for npm package: axios/axios
2024-09-14T20:46:29.105Z [INFO] - Fetching contributors for axios/axios over the last 12 months...
2024-09-14T20:46:30.307Z [INFO] - Bus factor for the last 12 months for axios/axios: 4
2024-09-14T20:46:30.529Z [INFO] - License for axios/axios: MIT
2024-09-14T20:46:30.530Z [INFO] - License compatibility: 1
2024-09-14T20:46:30.530Z [INFO] - License compatibility score: 0
2024-09-14T20:46:30.530Z [INFO] - Finished analysis for URL: https://www.npmjs.com/package/axios
2024-09-14T20:46:30.530Z [INFO] - Successfully analyzed: https://www.npmjs.com/package/axios
2024-09-14T20:46:58.777Z [INFO] - Processing URL file: urls.txt
2024-09-14T20:46:58.780Z [INFO] - Analyzing URL: https://www.npmjs.com/package/axios
2024-09-14T20:46:58.780Z [INFO] - Starting analysis for URL: https://www.npmjs.com/package/axios
2024-09-14T20:46:58.781Z [INFO] - Checked if URL is GitHub: https://www.npmjs.com/package/axios - Result: false
2024-09-14T20:46:58.781Z [INFO] - Checked if URL is npm package: https://www.npmjs.com/package/axios - Result: true
2024-09-14T20:46:58.781Z [INFO] - Fetching metadata for npm package: axios
2024-09-14T20:46:59.206Z [INFO] - Repository information for axios: {
  "type": "git",
  "url": "git+https://github.com/axios/axios.git"
}
2024-09-14T20:46:59.208Z [INFO] - Checked if URL is GitHub: https://github.com/axios/axios - Result: true
2024-09-14T20:46:59.208Z [INFO] - Found GitHub repository: axios/axios
2024-09-14T20:46:59.208Z [INFO] - GitHub repository found for npm package: axios/axios
2024-09-14T20:46:59.208Z [INFO] - Fetching contributors for axios/axios over the last 12 months...
2024-09-14T20:47:00.286Z [INFO] - Bus factor for the last 12 months for axios/axios: 4
2024-09-14T20:47:00.508Z [INFO] - License for axios/axios: MIT
2024-09-14T20:47:00.508Z [INFO] - License is compatible with LGPLv2.1
2024-09-14T20:47:00.509Z [INFO] - License compatibility score: 0
2024-09-14T20:47:00.509Z [INFO] - Finished analysis for URL: https://www.npmjs.com/package/axios
2024-09-14T20:47:00.509Z [INFO] - Successfully analyzed: https://www.npmjs.com/package/axios
2024-09-14T20:48:19.275Z [INFO] - Processing URL file: urls.txt
2024-09-14T20:48:19.278Z [INFO] - Analyzing URL: https://www.npmjs.com/package/axios
2024-09-14T20:48:19.278Z [INFO] - Starting analysis for URL: https://www.npmjs.com/package/axios
2024-09-14T20:48:19.278Z [INFO] - Checked if URL is GitHub: https://www.npmjs.com/package/axios - Result: false
2024-09-14T20:48:19.278Z [INFO] - Checked if URL is npm package: https://www.npmjs.com/package/axios - Result: true
2024-09-14T20:48:19.278Z [INFO] - Fetching metadata for npm package: axios
2024-09-14T20:48:19.806Z [INFO] - Repository information for axios: {
  "type": "git",
  "url": "git+https://github.com/axios/axios.git"
}
2024-09-14T20:48:19.808Z [INFO] - Checked if URL is GitHub: https://github.com/axios/axios - Result: true
2024-09-14T20:48:19.808Z [INFO] - Found GitHub repository: axios/axios
2024-09-14T20:48:19.808Z [INFO] - GitHub repository found for npm package: axios/axios
2024-09-14T20:48:19.808Z [INFO] - Fetching contributors for axios/axios over the last 12 months...
2024-09-14T20:48:21.347Z [INFO] - Bus factor for the last 12 months for axios/axios: 4
2024-09-14T20:48:21.574Z [INFO] - License for axios/axios: MIT
2024-09-14T20:48:21.574Z [INFO] - License is compatible with LGPLv2.1
2024-09-14T20:48:21.575Z [INFO] - License compatibility score: 0
2024-09-14T20:48:21.575Z [INFO] - Finished analysis for URL: https://www.npmjs.com/package/axios
2024-09-14T20:48:21.575Z [INFO] - Successfully analyzed: https://www.npmjs.com/package/axios
2024-09-14T20:49:11.619Z [INFO] - Processing URL file: urls.txt
2024-09-14T20:49:11.622Z [INFO] - Analyzing URL: https://www.npmjs.com/package/axios
2024-09-14T20:49:11.622Z [INFO] - Starting analysis for URL: https://www.npmjs.com/package/axios
2024-09-14T20:49:11.622Z [INFO] - Checked if URL is GitHub: https://www.npmjs.com/package/axios - Result: false
2024-09-14T20:49:11.622Z [INFO] - Checked if URL is npm package: https://www.npmjs.com/package/axios - Result: true
2024-09-14T20:49:11.622Z [INFO] - Fetching metadata for npm package: axios
2024-09-14T20:49:12.181Z [INFO] - Repository information for axios: {
  "type": "git",
  "url": "git+https://github.com/axios/axios.git"
}
2024-09-14T20:49:12.182Z [INFO] - Checked if URL is GitHub: https://github.com/axios/axios - Result: true
2024-09-14T20:49:12.183Z [INFO] - Found GitHub repository: axios/axios
2024-09-14T20:49:12.183Z [INFO] - GitHub repository found for npm package: axios/axios
2024-09-14T20:49:12.183Z [INFO] - Fetching contributors for axios/axios over the last 12 months...
2024-09-14T20:49:13.520Z [INFO] - Bus factor for the last 12 months for axios/axios: 4
2024-09-14T20:49:13.745Z [INFO] - License for axios/axios: MIT
2024-09-14T20:49:13.746Z [INFO] - License is compatible with LGPLv2.1
2024-09-14T20:49:13.746Z [INFO] - License compatibility score: 0
2024-09-14T20:49:13.746Z [INFO] - Finished analysis for URL: https://www.npmjs.com/package/axios
2024-09-14T20:49:13.746Z [INFO] - Successfully analyzed: https://www.npmjs.com/package/axios
2024-09-14T20:49:22.525Z [INFO] - Processing URL file: urls.txt
2024-09-14T20:49:22.527Z [INFO] - Analyzing URL: https://www.npmjs.com/package/axios
2024-09-14T20:49:22.527Z [INFO] - Starting analysis for URL: https://www.npmjs.com/package/axios
2024-09-14T20:49:22.528Z [INFO] - Checked if URL is GitHub: https://www.npmjs.com/package/axios - Result: false
2024-09-14T20:49:22.528Z [INFO] - Checked if URL is npm package: https://www.npmjs.com/package/axios - Result: true
2024-09-14T20:49:22.528Z [INFO] - Fetching metadata for npm package: axios
2024-09-14T20:49:22.938Z [INFO] - Repository information for axios: {
  "type": "git",
  "url": "git+https://github.com/axios/axios.git"
}
2024-09-14T20:49:22.941Z [INFO] - Checked if URL is GitHub: https://github.com/axios/axios - Result: true
2024-09-14T20:49:22.942Z [INFO] - Found GitHub repository: axios/axios
2024-09-14T20:49:22.942Z [INFO] - GitHub repository found for npm package: axios/axios
2024-09-14T20:49:22.943Z [INFO] - Fetching contributors for axios/axios over the last 12 months...
2024-09-14T20:49:24.248Z [INFO] - Bus factor for the last 12 months for axios/axios: 4
2024-09-14T20:49:24.437Z [INFO] - License for axios/axios: MIT
2024-09-14T20:49:24.437Z [INFO] - License is compatible with LGPLv2.1
2024-09-14T20:49:24.437Z [INFO] - License compatibility score: 0
2024-09-14T20:49:24.437Z [INFO] - Finished analysis for URL: https://www.npmjs.com/package/axios
2024-09-14T20:49:24.437Z [INFO] - Successfully analyzed: https://www.npmjs.com/package/axios
2024-09-14T20:50:27.148Z [INFO] - Processing URL file: urls.txt
2024-09-14T20:50:27.152Z [INFO] - Analyzing URL: https://www.npmjs.com/package/axios
2024-09-14T20:50:27.152Z [INFO] - Starting analysis for URL: https://www.npmjs.com/package/axios
2024-09-14T20:50:27.152Z [INFO] - Checked if URL is GitHub: https://www.npmjs.com/package/axios - Result: false
2024-09-14T20:50:27.152Z [INFO] - Checked if URL is npm package: https://www.npmjs.com/package/axios - Result: true
2024-09-14T20:50:27.152Z [INFO] - Fetching metadata for npm package: axios
2024-09-14T20:50:27.674Z [INFO] - Repository information for axios: {
  "type": "git",
  "url": "git+https://github.com/axios/axios.git"
}
2024-09-14T20:50:27.675Z [INFO] - Checked if URL is GitHub: https://github.com/axios/axios - Result: true
2024-09-14T20:50:27.675Z [INFO] - Found GitHub repository: axios/axios
2024-09-14T20:50:27.675Z [INFO] - GitHub repository found for npm package: axios/axios
2024-09-14T20:50:27.675Z [INFO] - Fetching contributors for axios/axios over the last 12 months...
2024-09-14T20:50:28.834Z [INFO] - Bus factor for the last 12 months for axios/axios: 4
2024-09-14T20:50:29.054Z [INFO] - License for axios/axios: MIT
2024-09-14T20:50:29.054Z [INFO] - License is compatible with LGPLv2.1
2024-09-14T20:50:29.054Z [INFO] - Finished analysis for URL: https://www.npmjs.com/package/axios
2024-09-14T20:50:29.054Z [INFO] - Successfully analyzed: https://www.npmjs.com/package/axios
2024-09-14T20:50:40.274Z [INFO] - Processing URL file: urls.txt
2024-09-14T20:50:40.277Z [INFO] - Analyzing URL: https://www.npmjs.com/package/axios
2024-09-14T20:50:40.277Z [INFO] - Starting analysis for URL: https://www.npmjs.com/package/axios
2024-09-14T20:50:40.277Z [INFO] - Checked if URL is GitHub: https://www.npmjs.com/package/axios - Result: false
2024-09-14T20:50:40.277Z [INFO] - Checked if URL is npm package: https://www.npmjs.com/package/axios - Result: true
2024-09-14T20:50:40.277Z [INFO] - Fetching metadata for npm package: axios
2024-09-14T20:50:40.803Z [INFO] - Repository information for axios: {
  "type": "git",
  "url": "git+https://github.com/axios/axios.git"
}
2024-09-14T20:50:40.804Z [INFO] - Checked if URL is GitHub: https://github.com/axios/axios - Result: true
2024-09-14T20:50:40.805Z [INFO] - Found GitHub repository: axios/axios
2024-09-14T20:50:40.805Z [INFO] - GitHub repository found for npm package: axios/axios
2024-09-14T20:50:40.805Z [INFO] - Fetching contributors for axios/axios over the last 12 months...
2024-09-14T20:50:41.971Z [INFO] - Bus factor for the last 12 months for axios/axios: 4
2024-09-14T20:50:42.201Z [INFO] - License for axios/axios: MIT
2024-09-14T20:50:42.201Z [INFO] - License is compatible with LGPLv2.1
2024-09-14T20:50:42.201Z [INFO] - Finished analysis for URL: https://www.npmjs.com/package/axios
2024-09-14T20:50:42.201Z [INFO] - Successfully analyzed: https://www.npmjs.com/package/axios
2024-09-14T20:51:05.861Z [INFO] - Processing URL file: urls.txt
2024-09-14T20:51:05.864Z [INFO] - Analyzing URL: https://www.npmjs.com/package/axios
2024-09-14T20:51:05.864Z [INFO] - Starting analysis for URL: https://www.npmjs.com/package/axios
2024-09-14T20:51:05.864Z [INFO] - Checked if URL is GitHub: https://www.npmjs.com/package/axios - Result: false
2024-09-14T20:51:05.864Z [INFO] - Checked if URL is npm package: https://www.npmjs.com/package/axios - Result: true
2024-09-14T20:51:05.864Z [INFO] - Fetching metadata for npm package: axios
2024-09-14T20:51:06.383Z [INFO] - Repository information for axios: {
  "type": "git",
  "url": "git+https://github.com/axios/axios.git"
}
2024-09-14T20:51:06.384Z [INFO] - Checked if URL is GitHub: https://github.com/axios/axios - Result: true
2024-09-14T20:51:06.384Z [INFO] - Found GitHub repository: axios/axios
2024-09-14T20:51:06.384Z [INFO] - GitHub repository found for npm package: axios/axios
2024-09-14T20:51:06.384Z [INFO] - Fetching contributors for axios/axios over the last 12 months...
2024-09-14T20:51:07.592Z [INFO] - Bus factor for the last 12 months for axios/axios: 4
2024-09-14T20:51:07.807Z [INFO] - License for axios/axios: MIT
2024-09-14T20:51:07.807Z [INFO] - License is compatible with LGPLv2.1
2024-09-14T20:51:07.808Z [INFO] - Finished analysis for URL: https://www.npmjs.com/package/axios
2024-09-14T20:51:07.808Z [INFO] - Successfully analyzed: https://www.npmjs.com/package/axios
